<?xml version="1.0" encoding="UTF-8"?>
<coverage generated="1723251431259" clover="3.2.0">
  <project timestamp="1723251431259" name="All files">
    <metrics statements="89" coveredstatements="82" conditionals="31" coveredconditionals="30" methods="6" coveredmethods="5" elements="126" coveredelements="117" complexity="0" loc="89" ncloc="89" packages="1" files="4" classes="4"/>
    <file name="Calculator.jsx" path="/Users/arielmenendez/Desktop/workspace/js-tdd/src/Calculator.jsx">
      <metrics statements="35" coveredstatements="35" conditionals="7" coveredconditionals="7" methods="3" coveredmethods="3"/>
      <line num="1" count="1" type="stmt"/>
      <line num="2" count="1" type="stmt"/>
      <line num="4" count="1" type="stmt"/>
      <line num="6" count="1" type="stmt"/>
      <line num="7" count="1" type="stmt"/>
      <line num="8" count="1" type="stmt"/>
      <line num="9" count="1" type="stmt"/>
      <line num="10" count="1" type="stmt"/>
      <line num="11" count="1" type="stmt"/>
      <line num="13" count="1" type="stmt"/>
      <line num="14" count="1" type="stmt"/>
      <line num="16" count="1" type="cond" truecount="1" falsecount="0"/>
      <line num="17" count="22" type="stmt"/>
      <line num="19" count="22" type="cond" truecount="2" falsecount="0"/>
      <line num="21" count="22" type="stmt"/>
      <line num="22" count="22" type="stmt"/>
      <line num="23" count="22" type="stmt"/>
      <line num="24" count="22" type="stmt"/>
      <line num="25" count="22" type="stmt"/>
      <line num="26" count="22" type="cond" truecount="1" falsecount="0"/>
      <line num="27" count="88" type="stmt"/>
      <line num="28" count="88" type="cond" truecount="1" falsecount="0"/>
      <line num="29" count="220" type="stmt"/>
      <line num="30" count="220" type="stmt"/>
      <line num="31" count="220" type="stmt"/>
      <line num="32" count="88" type="stmt"/>
      <line num="33" count="88" type="stmt"/>
      <line num="34" count="22" type="stmt"/>
      <line num="36" count="22" type="cond" truecount="1" falsecount="0"/>
      <line num="37" count="88" type="stmt"/>
      <line num="38" count="22" type="stmt"/>
      <line num="40" count="22" type="cond" truecount="1" falsecount="0"/>
      <line num="41" count="22" type="stmt"/>
      <line num="42" count="22" type="stmt"/>
      <line num="44" count="22" type="stmt"/>
    </file>
    <file name="can-reconfigure.js" path="/Users/arielmenendez/Desktop/workspace/js-tdd/src/can-reconfigure.js">
      <metrics statements="24" coveredstatements="24" conditionals="14" coveredconditionals="14" methods="1" coveredmethods="1"/>
      <line num="1" count="1" type="cond" truecount="1" falsecount="0"/>
      <line num="2" count="8" type="stmt"/>
      <line num="3" count="8" type="cond" truecount="1" falsecount="0"/>
      <line num="4" count="8" type="cond" truecount="2" falsecount="0"/>
      <line num="5" count="5" type="cond" truecount="1" falsecount="0"/>
      <line num="6" count="5" type="stmt"/>
      <line num="7" count="8" type="cond" truecount="1" falsecount="0"/>
      <line num="8" count="3" type="cond" truecount="1" falsecount="0"/>
      <line num="9" count="3" type="stmt"/>
      <line num="10" count="8" type="cond" truecount="1" falsecount="0"/>
      <line num="11" count="2" type="cond" truecount="1" falsecount="0"/>
      <line num="12" count="2" type="stmt"/>
      <line num="13" count="8" type="cond" truecount="1" falsecount="0"/>
      <line num="14" count="5" type="stmt"/>
      <line num="15" count="5" type="stmt"/>
      <line num="16" count="5" type="stmt"/>
      <line num="17" count="5" type="stmt"/>
      <line num="18" count="5" type="cond" truecount="2" falsecount="0"/>
      <line num="19" count="4" type="cond" truecount="1" falsecount="0"/>
      <line num="20" count="4" type="stmt"/>
      <line num="21" count="4" type="stmt"/>
      <line num="22" count="1" type="cond" truecount="1" falsecount="0"/>
      <line num="23" count="1" type="stmt"/>
      <line num="24" count="1" type="stmt"/>
    </file>
    <file name="fizzbuzz.js" path="/Users/arielmenendez/Desktop/workspace/js-tdd/src/fizzbuzz.js">
      <metrics statements="23" coveredstatements="23" conditionals="9" coveredconditionals="9" methods="1" coveredmethods="1"/>
      <line num="1" count="1" type="stmt"/>
      <line num="2" count="1" type="stmt"/>
      <line num="3" count="1" type="stmt"/>
      <line num="4" count="1" type="stmt"/>
      <line num="5" count="1" type="stmt"/>
      <line num="6" count="1" type="stmt"/>
      <line num="7" count="1" type="stmt"/>
      <line num="8" count="1" type="stmt"/>
      <line num="9" count="1" type="cond" truecount="1" falsecount="0"/>
      <line num="10" count="15" type="cond" truecount="1" falsecount="0"/>
      <line num="11" count="15" type="cond" truecount="2" falsecount="0"/>
      <line num="12" count="12" type="cond" truecount="1" falsecount="0"/>
      <line num="13" count="12" type="stmt"/>
      <line num="14" count="12" type="stmt"/>
      <line num="15" count="12" type="stmt"/>
      <line num="16" count="12" type="stmt"/>
      <line num="17" count="12" type="stmt"/>
      <line num="18" count="12" type="cond" truecount="1" falsecount="0"/>
      <line num="19" count="36" type="cond" truecount="1" falsecount="0"/>
      <line num="20" count="12" type="stmt"/>
      <line num="21" count="12" type="stmt"/>
      <line num="22" count="15" type="cond" truecount="2" falsecount="0"/>
      <line num="23" count="15" type="stmt"/>
    </file>
    <file name="main.jsx" path="/Users/arielmenendez/Desktop/workspace/js-tdd/src/main.jsx">
      <metrics statements="7" coveredstatements="0" conditionals="1" coveredconditionals="0" methods="1" coveredmethods="0"/>
      <line num="1" count="0" type="cond" truecount="0" falsecount="1"/>
      <line num="2" count="0" type="stmt"/>
      <line num="4" count="0" type="stmt"/>
      <line num="5" count="0" type="stmt"/>
      <line num="6" count="0" type="stmt"/>
      <line num="7" count="0" type="stmt"/>
      <line num="8" count="0" type="stmt"/>
    </file>
  </project>
</coverage>
